android/app/build/intermediates/manifest_merge_blame_file/debug/processDebugMainManifest/manifest-merger-blame-debug-report.txt
1<?xml version="1.0" encoding="utf-8"?>
2<manifest xmlns:android="http://schemas.android.com/apk/res/android"
3    package="com.anonymous.zet_design"
4    android:versionCode="1"
5    android:versionName="1.0.0" >
6
7    <uses-sdk
8        android:minSdkVersion="24"
9        android:targetSdkVersion="34" />
10
11    <uses-permission android:name="android.permission.SYSTEM_ALERT_WINDOW" />
11-->src/main/AndroidManifest.xml:4:3-75
11-->src/main/AndroidManifest.xml:4:20-73
12    <uses-permission android:name="android.permission.INTERNET" />
12-->src/main/AndroidManifest.xml:2:3-64
12-->src/main/AndroidManifest.xml:2:20-62
13    <uses-permission
13-->src/main/AndroidManifest.xml:3:3-77
14        android:name="android.permission.READ_EXTERNAL_STORAGE"
14-->src/main/AndroidManifest.xml:3:20-75
15        android:maxSdkVersion="32" />
15-->[:expo-image] AndroidManifest.xml:17:9-35
16    <uses-permission android:name="android.permission.VIBRATE" />
16-->src/main/AndroidManifest.xml:5:3-63
16-->src/main/AndroidManifest.xml:5:20-61
17    <uses-permission android:name="android.permission.WRITE_EXTERNAL_STORAGE" />
17-->src/main/AndroidManifest.xml:6:3-78
17-->src/main/AndroidManifest.xml:6:20-76
18
19    <queries>
19-->src/main/AndroidManifest.xml:7:3-13:13
20        <intent>
20-->src/main/AndroidManifest.xml:8:5-12:14
21            <action android:name="android.intent.action.VIEW" />
21-->src/main/AndroidManifest.xml:9:7-58
21-->src/main/AndroidManifest.xml:9:15-56
22
23            <category android:name="android.intent.category.BROWSABLE" />
23-->src/main/AndroidManifest.xml:10:7-67
23-->src/main/AndroidManifest.xml:10:17-65
24
25            <data android:scheme="https" />
25-->src/main/AndroidManifest.xml:11:7-37
25-->src/main/AndroidManifest.xml:11:13-35
26        </intent>
27        <!-- Query open documents -->
28        <intent>
28-->[:expo-file-system] AndroidManifest.xml:15:9-17:18
29            <action android:name="android.intent.action.OPEN_DOCUMENT_TREE" />
29-->[:expo-file-system] AndroidManifest.xml:16:13-79
29-->[:expo-file-system] AndroidManifest.xml:16:21-76
30        </intent>
31    </queries>
32    <!--
33  Allows Glide to monitor connectivity status and restart failed requests if users go from a
34  a disconnected to a connected network state.
35    -->
36    <uses-permission android:name="android.permission.ACCESS_NETWORK_STATE" />
36-->[:expo-image] AndroidManifest.xml:12:5-79
36-->[:expo-image] AndroidManifest.xml:12:22-76
37
38    <permission
38-->[androidx.core:core:1.13.1] AndroidManifest.xml:22:5-24:47
39        android:name="com.anonymous.zet_design.DYNAMIC_RECEIVER_NOT_EXPORTED_PERMISSION"
39-->[androidx.core:core:1.13.1] AndroidManifest.xml:23:9-81
40        android:protectionLevel="signature" />
40-->[androidx.core:core:1.13.1] AndroidManifest.xml:24:9-44
41
42    <uses-permission android:name="com.anonymous.zet_design.DYNAMIC_RECEIVER_NOT_EXPORTED_PERMISSION" />
42-->[androidx.core:core:1.13.1] AndroidManifest.xml:26:5-97
42-->[androidx.core:core:1.13.1] AndroidManifest.xml:26:22-94
43
44    <application
44-->src/main/AndroidManifest.xml:14:3-30:17
45        android:name="com.anonymous.zet_design.MainApplication"
45-->src/main/AndroidManifest.xml:14:16-47
46        android:allowBackup="true"
46-->src/main/AndroidManifest.xml:14:162-188
47        android:appComponentFactory="androidx.core.app.CoreComponentFactory"
47-->[androidx.core:core:1.13.1] AndroidManifest.xml:28:18-86
48        android:debuggable="true"
49        android:extractNativeLibs="false"
50        android:icon="@mipmap/ic_launcher"
50-->src/main/AndroidManifest.xml:14:81-115
51        android:label="@string/app_name"
51-->src/main/AndroidManifest.xml:14:48-80
52        android:roundIcon="@mipmap/ic_launcher_round"
52-->src/main/AndroidManifest.xml:14:116-161
53        android:supportsRtl="true"
53-->src/main/AndroidManifest.xml:14:221-247
54        android:theme="@style/AppTheme"
54-->src/main/AndroidManifest.xml:14:189-220
55        android:usesCleartextTraffic="true" >
55-->src/debug/AndroidManifest.xml:6:18-53
56        <meta-data
56-->src/main/AndroidManifest.xml:15:5-83
57            android:name="expo.modules.updates.ENABLED"
57-->src/main/AndroidManifest.xml:15:16-59
58            android:value="false" />
58-->src/main/AndroidManifest.xml:15:60-81
59        <meta-data
59-->src/main/AndroidManifest.xml:16:5-105
60            android:name="expo.modules.updates.EXPO_UPDATES_CHECK_ON_LAUNCH"
60-->src/main/AndroidManifest.xml:16:16-80
61            android:value="ALWAYS" />
61-->src/main/AndroidManifest.xml:16:81-103
62        <meta-data
62-->src/main/AndroidManifest.xml:17:5-99
63            android:name="expo.modules.updates.EXPO_UPDATES_LAUNCH_WAIT_MS"
63-->src/main/AndroidManifest.xml:17:16-79
64            android:value="0" />
64-->src/main/AndroidManifest.xml:17:80-97
65
66        <activity
66-->src/main/AndroidManifest.xml:18:5-29:16
67            android:name="com.anonymous.zet_design.MainActivity"
67-->src/main/AndroidManifest.xml:18:15-43
68            android:configChanges="keyboard|keyboardHidden|orientation|screenSize|screenLayout|uiMode"
68-->src/main/AndroidManifest.xml:18:44-134
69            android:exported="true"
69-->src/main/AndroidManifest.xml:18:256-279
70            android:launchMode="singleTask"
70-->src/main/AndroidManifest.xml:18:135-166
71            android:screenOrientation="portrait"
71-->src/main/AndroidManifest.xml:18:280-316
72            android:theme="@style/Theme.App.SplashScreen"
72-->src/main/AndroidManifest.xml:18:210-255
73            android:windowSoftInputMode="adjustResize" >
73-->src/main/AndroidManifest.xml:18:167-209
74            <intent-filter>
74-->src/main/AndroidManifest.xml:19:7-22:23
75                <action android:name="android.intent.action.MAIN" />
75-->src/main/AndroidManifest.xml:20:9-60
75-->src/main/AndroidManifest.xml:20:17-58
76
77                <category android:name="android.intent.category.LAUNCHER" />
77-->src/main/AndroidManifest.xml:21:9-68
77-->src/main/AndroidManifest.xml:21:19-66
78            </intent-filter>
79            <intent-filter>
79-->src/main/AndroidManifest.xml:23:7-28:23
80                <action android:name="android.intent.action.VIEW" />
80-->src/main/AndroidManifest.xml:9:7-58
80-->src/main/AndroidManifest.xml:9:15-56
81
82                <category android:name="android.intent.category.DEFAULT" />
82-->src/main/AndroidManifest.xml:25:9-67
82-->src/main/AndroidManifest.xml:25:19-65
83                <category android:name="android.intent.category.BROWSABLE" />
83-->src/main/AndroidManifest.xml:10:7-67
83-->src/main/AndroidManifest.xml:10:17-65
84
85                <data android:scheme="com.anonymous.zet_design" />
85-->src/main/AndroidManifest.xml:11:7-37
85-->src/main/AndroidManifest.xml:11:13-35
86            </intent-filter>
87        </activity>
88
89        <provider
89-->[:rive-react-native] AndroidManifest.xml:9:9-18:20
90            android:name="androidx.startup.InitializationProvider"
90-->[:rive-react-native] AndroidManifest.xml:10:13-67
91            android:authorities="com.anonymous.zet_design.androidx-startup"
91-->[:rive-react-native] AndroidManifest.xml:11:13-68
92            android:exported="false" >
92-->[:rive-react-native] AndroidManifest.xml:12:13-37
93            <meta-data
93-->[:rive-react-native] AndroidManifest.xml:14:13-17:40
94                android:name="app.rive.runtime.kotlin.RiveInitializer"
94-->[:rive-react-native] AndroidManifest.xml:15:17-71
95                android:value="androidx.startup" />
95-->[:rive-react-native] AndroidManifest.xml:16:17-49
96            <meta-data
96-->[androidx.emoji2:emoji2:1.3.0] AndroidManifest.xml:29:13-31:52
97                android:name="androidx.emoji2.text.EmojiCompatInitializer"
97-->[androidx.emoji2:emoji2:1.3.0] AndroidManifest.xml:30:17-75
98                android:value="androidx.startup" />
98-->[androidx.emoji2:emoji2:1.3.0] AndroidManifest.xml:31:17-49
99            <meta-data
99-->[androidx.lifecycle:lifecycle-process:2.8.7] AndroidManifest.xml:29:13-31:52
100                android:name="androidx.lifecycle.ProcessLifecycleInitializer"
100-->[androidx.lifecycle:lifecycle-process:2.8.7] AndroidManifest.xml:30:17-78
101                android:value="androidx.startup" />
101-->[androidx.lifecycle:lifecycle-process:2.8.7] AndroidManifest.xml:31:17-49
102            <meta-data
102-->[androidx.profileinstaller:profileinstaller:1.3.1] AndroidManifest.xml:29:13-31:52
103                android:name="androidx.profileinstaller.ProfileInstallerInitializer"
103-->[androidx.profileinstaller:profileinstaller:1.3.1] AndroidManifest.xml:30:17-85
104                android:value="androidx.startup" />
104-->[androidx.profileinstaller:profileinstaller:1.3.1] AndroidManifest.xml:31:17-49
105        </provider>
106        <provider
106-->[:expo-file-system] AndroidManifest.xml:21:9-30:20
107            android:name="expo.modules.filesystem.FileSystemFileProvider"
107-->[:expo-file-system] AndroidManifest.xml:22:13-74
108            android:authorities="com.anonymous.zet_design.FileSystemFileProvider"
108-->[:expo-file-system] AndroidManifest.xml:23:13-74
109            android:exported="false"
109-->[:expo-file-system] AndroidManifest.xml:24:13-37
110            android:grantUriPermissions="true" >
110-->[:expo-file-system] AndroidManifest.xml:25:13-47
111            <meta-data
111-->[:expo-file-system] AndroidManifest.xml:27:13-29:70
112                android:name="android.support.FILE_PROVIDER_PATHS"
112-->[:expo-file-system] AndroidManifest.xml:28:17-67
113                android:resource="@xml/file_system_provider_paths" />
113-->[:expo-file-system] AndroidManifest.xml:29:17-67
114        </provider>
115
116        <meta-data
116-->[:expo-modules-core] AndroidManifest.xml:9:9-11:89
117            android:name="org.unimodules.core.AppLoader#react-native-headless"
117-->[:expo-modules-core] AndroidManifest.xml:10:13-79
118            android:value="expo.modules.adapters.react.apploader.RNHeadlessAppLoader" />
118-->[:expo-modules-core] AndroidManifest.xml:11:13-86
119        <meta-data
119-->[:expo-modules-core] AndroidManifest.xml:12:9-15:45
120            android:name="com.facebook.soloader.enabled"
120-->[:expo-modules-core] AndroidManifest.xml:13:13-57
121            android:value="true" />
121-->[:expo-modules-core] AndroidManifest.xml:14:13-33
122
123        <activity
123-->[com.facebook.react:react-android:0.76.7] AndroidManifest.xml:19:9-21:40
124            android:name="com.facebook.react.devsupport.DevSettingsActivity"
124-->[com.facebook.react:react-android:0.76.7] AndroidManifest.xml:20:13-77
125            android:exported="false" />
125-->[com.facebook.react:react-android:0.76.7] AndroidManifest.xml:21:13-37
126
127        <meta-data
127-->[com.github.bumptech.glide:okhttp3-integration:4.11.0] AndroidManifest.xml:11:9-13:43
128            android:name="com.bumptech.glide.integration.okhttp3.OkHttpGlideModule"
128-->[com.github.bumptech.glide:okhttp3-integration:4.11.0] AndroidManifest.xml:12:13-84
129            android:value="GlideModule" />
129-->[com.github.bumptech.glide:okhttp3-integration:4.11.0] AndroidManifest.xml:13:13-40
130
131        <receiver
131-->[androidx.profileinstaller:profileinstaller:1.3.1] AndroidManifest.xml:34:9-52:20
132            android:name="androidx.profileinstaller.ProfileInstallReceiver"
132-->[androidx.profileinstaller:profileinstaller:1.3.1] AndroidManifest.xml:35:13-76
133            android:directBootAware="false"
133-->[androidx.profileinstaller:profileinstaller:1.3.1] AndroidManifest.xml:36:13-44
134            android:enabled="true"
134-->[androidx.profileinstaller:profileinstaller:1.3.1] AndroidManifest.xml:37:13-35
135            android:exported="true"
135-->[androidx.profileinstaller:profileinstaller:1.3.1] AndroidManifest.xml:38:13-36
136            android:permission="android.permission.DUMP" >
136-->[androidx.profileinstaller:profileinstaller:1.3.1] AndroidManifest.xml:39:13-57
137            <intent-filter>
137-->[androidx.profileinstaller:profileinstaller:1.3.1] AndroidManifest.xml:40:13-42:29
138                <action android:name="androidx.profileinstaller.action.INSTALL_PROFILE" />
138-->[androidx.profileinstaller:profileinstaller:1.3.1] AndroidManifest.xml:41:17-91
138-->[androidx.profileinstaller:profileinstaller:1.3.1] AndroidManifest.xml:41:25-88
139            </intent-filter>
140            <intent-filter>
140-->[androidx.profileinstaller:profileinstaller:1.3.1] AndroidManifest.xml:43:13-45:29
141                <action android:name="androidx.profileinstaller.action.SKIP_FILE" />
141-->[androidx.profileinstaller:profileinstaller:1.3.1] AndroidManifest.xml:44:17-85
141-->[androidx.profileinstaller:profileinstaller:1.3.1] AndroidManifest.xml:44:25-82
142            </intent-filter>
143            <intent-filter>
143-->[androidx.profileinstaller:profileinstaller:1.3.1] AndroidManifest.xml:46:13-48:29
144                <action android:name="androidx.profileinstaller.action.SAVE_PROFILE" />
144-->[androidx.profileinstaller:profileinstaller:1.3.1] AndroidManifest.xml:47:17-88
144-->[androidx.profileinstaller:profileinstaller:1.3.1] AndroidManifest.xml:47:25-85
145            </intent-filter>
146            <intent-filter>
146-->[androidx.profileinstaller:profileinstaller:1.3.1] AndroidManifest.xml:49:13-51:29
147                <action android:name="androidx.profileinstaller.action.BENCHMARK_OPERATION" />
147-->[androidx.profileinstaller:profileinstaller:1.3.1] AndroidManifest.xml:50:17-95
147-->[androidx.profileinstaller:profileinstaller:1.3.1] AndroidManifest.xml:50:25-92
148            </intent-filter>
149        </receiver>
150    </application>
151
152</manifest>